0 info it worked if it ends with ok
1 verbose cli [ 'C:\\Program Files\\nodejs\\node.exe',
1 verbose cli   'C:\\Program Files\\nodejs\\node_modules\\npm\\bin\\npm-cli.js',
1 verbose cli   'run',
1 verbose cli   'build' ]
2 info using npm@3.8.3
3 info using node@v5.10.1
4 verbose run-script [ 'prebuild', 'build', 'postbuild' ]
5 info lifecycle cash-dom@1.2.0~prebuild: cash-dom@1.2.0
6 silly lifecycle cash-dom@1.2.0~prebuild: no script for prebuild, continuing
7 info lifecycle cash-dom@1.2.0~build: cash-dom@1.2.0
8 verbose lifecycle cash-dom@1.2.0~build: unsafe-perm in lifecycle true
9 verbose lifecycle cash-dom@1.2.0~build: PATH: C:\Users\pc\AppData\Roaming\nvm\v5.10.1\node_modules\npm\bin\node-gyp-bin;C:\Development\Github\cash\node_modules\.bin;C:\Program Files\nodejs;C:\Program Files (x86)\EasyPHP\binaries\php\php_runningversion;C:\Program Files (x86)\NVIDIA Corporation\PhysX\Common;C:\Program Files (x86)\Intel\iCLS Client\;C:\Program Files\Intel\iCLS Client\;C:\Windows\system32;C:\Windows;C:\Windows\System32\Wbem;C:\Windows\System32\WindowsPowerShell\v1.0\;C:\Program Files (x86)\Windows Live\Shared;C:\Program Files\Intel\WiFi\bin\;C:\Program Files\Common Files\Intel\WirelessCommon\;C:\Program Files\Intel\Intel(R) Management Engine Components\DAL;C:\Program Files\Intel\Intel(R) Management Engine Components\IPT;C:\Program Files (x86)\Intel\Intel(R) Management Engine Components\DAL;C:\Program Files (x86)\Intel\Intel(R) Management Engine Components\IPT;C:\Program Files\OpenSSH\bin;C:\Program Files (x86)\QuickTime\QTSystem\;C:\Program Files (x86)\Skype\Phone\;C:\Users\pc\AppData\Roaming\nvm;C:\Program Files\nodejs;C:\Program Files (x86)\Heroku\bin;C:\Program Files (x86)\git\cmd;C:\Program Files (x86)\Git\cmd;C:\Ruby193\bin;C:\Program Files (x86)\Ruby193\bin;C:\Program Files (x86)\Vim\vim74;C:\Users\pc\AppData\Local\atom\bin;C:\Users\pc\.babun;C:\Users\pc\AppData\Roaming\npm;C:\Users\pc\AppData\Roaming\nvm;C:\Program Files\nodejs
10 verbose lifecycle cash-dom@1.2.0~build: CWD: C:\Development\Github\cash
11 silly lifecycle cash-dom@1.2.0~build: Args: [ '/d /s /c',
11 silly lifecycle   'npm run concat && npm run babel && npm run uglify' ]
12 silly lifecycle cash-dom@1.2.0~build: Returned: code: 0  signal: null
13 info lifecycle cash-dom@1.2.0~postbuild: cash-dom@1.2.0
14 verbose lifecycle cash-dom@1.2.0~postbuild: unsafe-perm in lifecycle true
15 verbose lifecycle cash-dom@1.2.0~postbuild: PATH: C:\Users\pc\AppData\Roaming\nvm\v5.10.1\node_modules\npm\bin\node-gyp-bin;C:\Development\Github\cash\node_modules\.bin;C:\Program Files\nodejs;C:\Program Files (x86)\EasyPHP\binaries\php\php_runningversion;C:\Program Files (x86)\NVIDIA Corporation\PhysX\Common;C:\Program Files (x86)\Intel\iCLS Client\;C:\Program Files\Intel\iCLS Client\;C:\Windows\system32;C:\Windows;C:\Windows\System32\Wbem;C:\Windows\System32\WindowsPowerShell\v1.0\;C:\Program Files (x86)\Windows Live\Shared;C:\Program Files\Intel\WiFi\bin\;C:\Program Files\Common Files\Intel\WirelessCommon\;C:\Program Files\Intel\Intel(R) Management Engine Components\DAL;C:\Program Files\Intel\Intel(R) Management Engine Components\IPT;C:\Program Files (x86)\Intel\Intel(R) Management Engine Components\DAL;C:\Program Files (x86)\Intel\Intel(R) Management Engine Components\IPT;C:\Program Files\OpenSSH\bin;C:\Program Files (x86)\QuickTime\QTSystem\;C:\Program Files (x86)\Skype\Phone\;C:\Users\pc\AppData\Roaming\nvm;C:\Program Files\nodejs;C:\Program Files (x86)\Heroku\bin;C:\Program Files (x86)\git\cmd;C:\Program Files (x86)\Git\cmd;C:\Ruby193\bin;C:\Program Files (x86)\Ruby193\bin;C:\Program Files (x86)\Vim\vim74;C:\Users\pc\AppData\Local\atom\bin;C:\Users\pc\.babun;C:\Users\pc\AppData\Roaming\npm;C:\Users\pc\AppData\Roaming\nvm;C:\Program Files\nodejs
16 verbose lifecycle cash-dom@1.2.0~postbuild: CWD: C:\Development\Github\cash
17 silly lifecycle cash-dom@1.2.0~postbuild: Args: [ '/d /s /c', 'npm run test' ]
18 silly lifecycle cash-dom@1.2.0~postbuild: Returned: code: 1  signal: null
19 info lifecycle cash-dom@1.2.0~postbuild: Failed to exec postbuild script
20 verbose stack Error: cash-dom@1.2.0 postbuild: `npm run test`
20 verbose stack Exit status 1
20 verbose stack     at EventEmitter.<anonymous> (C:\Users\pc\AppData\Roaming\nvm\v5.10.1\node_modules\npm\lib\utils\lifecycle.js:239:16)
20 verbose stack     at emitTwo (events.js:100:13)
20 verbose stack     at EventEmitter.emit (events.js:185:7)
20 verbose stack     at ChildProcess.<anonymous> (C:\Users\pc\AppData\Roaming\nvm\v5.10.1\node_modules\npm\lib\utils\spawn.js:24:14)
20 verbose stack     at emitTwo (events.js:100:13)
20 verbose stack     at ChildProcess.emit (events.js:185:7)
20 verbose stack     at maybeClose (internal/child_process.js:850:16)
20 verbose stack     at Process.ChildProcess._handle.onexit (internal/child_process.js:215:5)
21 verbose pkgid cash-dom@1.2.0
22 verbose cwd C:\Development\Github\cash
23 error Windows_NT 6.3.9600
24 error argv "C:\\Program Files\\nodejs\\node.exe" "C:\\Program Files\\nodejs\\node_modules\\npm\\bin\\npm-cli.js" "run" "build"
25 error node v5.10.1
26 error npm  v3.8.3
27 error code ELIFECYCLE
28 error cash-dom@1.2.0 postbuild: `npm run test`
28 error Exit status 1
29 error Failed at the cash-dom@1.2.0 postbuild script 'npm run test'.
29 error Make sure you have the latest version of node.js and npm installed.
29 error If you do, this is most likely a problem with the cash-dom package,
29 error not with npm itself.
29 error Tell the author that this fails on your system:
29 error     npm run test
29 error You can get information on how to open an issue for this project with:
29 error     npm bugs cash-dom
29 error Or if that isn't available, you can get their info via:
29 error     npm owner ls cash-dom
29 error There is likely additional logging output above.
30 verbose exit [ 1, true ]
